Arguments: 
  /usr/bin/node /usr/bin/yarn clean_

PATH: 
  /usr/local/sbin:/usr/local/bin:/usr/bin:/usr/bin/site_perl:/usr/bin/vendor_perl:/usr/bin/core_perl

Yarn version: 
  1.3.2

Node version: 
  9.2.0

Platform: 
  linux x64

npm manifest: 
  {
  	"name": "@accounts/workbench",
  	"scripts":{
  		"i": "lerna exec -- yarn install",
  		"clean": "lerna exec -- yarn clean",
  		"clean_": "lerna exec -- yarn clean_",
  	},
  	"devDependencies": {
  		"lerna": "^2.5.1",
  		"@types/node":"^8.0.54"
  	},
  	"dependencies": {
  	}
  }

yarn manifest: 
  No manifest

Lockfile: 
  No lockfile

Trace: 
  SyntaxError: /home/aetherall/Workspace/GITHUB/ACCOUNTS/Aetherall/3/package.json: Unexpected token } in JSON at position 165
      at JSON.parse (<anonymous>)
      at /usr/lib/node_modules/yarn/lib/cli.js:770:59
      at Generator.next (<anonymous>)
      at step (/usr/lib/node_modules/yarn/lib/cli.js:92:30)
      at /usr/lib/node_modules/yarn/lib/cli.js:103:13
      at <anonymous>
